app/build/intermediates/manifest_merge_blame_file/debug/processDebugMainManifest/manifest-merger-blame-debug-report.txt
1<?xml version="1.0" encoding="utf-8"?>
2<manifest xmlns:android="http://schemas.android.com/apk/res/android"
3    package="com.cbt.exam.browser"
4    platformBuildVersionCode="36"
5    platformBuildVersionName="16"
6    android:compileSdkVersion="36"
7    android:compileSdkVersionCodename="16"
8    android:requiredSplitTypes="base__abi,base__density"
9    android:splitTypes=""
10    android:versionCode="57"
11    android:versionName="6.6" >
12
13    <uses-sdk
13-->src\main\AndroidManifest.xml:11:5-13:40
14        android:minSdkVersion="23"
14-->src\main\AndroidManifest.xml:12:9-35
15        android:targetSdkVersion="36" />
15-->src\main\AndroidManifest.xml:13:9-38
16
17    <uses-feature
17-->src\main\AndroidManifest.xml:14:5-16:35
18        android:name="android.hardware.camera"
18-->src\main\AndroidManifest.xml:15:9-47
19        android:required="false" />
19-->src\main\AndroidManifest.xml:16:9-33
20
21    <uses-permission android:name="com.google.android.gms.permission.AD_ID" />
21-->src\main\AndroidManifest.xml:17:5-78
21-->src\main\AndroidManifest.xml:17:22-76
22    <uses-permission android:name="android.permission.INTERNET" />
22-->src\main\AndroidManifest.xml:18:5-66
22-->src\main\AndroidManifest.xml:18:22-64
23    <uses-permission android:name="android.permission.ACCESS_NETWORK_STATE" />
23-->src\main\AndroidManifest.xml:19:5-78
23-->src\main\AndroidManifest.xml:19:22-76
24    <uses-permission android:name="android.permission.ACCESS_WIFI_STATE" />
24-->src\main\AndroidManifest.xml:20:5-75
24-->src\main\AndroidManifest.xml:20:22-73
25    <uses-permission android:name="android.permission.CAMERA" />
25-->src\main\AndroidManifest.xml:21:5-64
25-->src\main\AndroidManifest.xml:21:22-62
26    <uses-permission android:name="android.permission.WAKE_LOCK" />
26-->src\main\AndroidManifest.xml:22:5-67
26-->src\main\AndroidManifest.xml:22:22-65
27
28    <queries>
28-->src\main\AndroidManifest.xml:23:5-55:15
29        <intent>
29-->src\main\AndroidManifest.xml:24:9-27:18
30            <action android:name="android.intent.action.VIEW" />
30-->src\main\AndroidManifest.xml:25:13-64
30-->src\main\AndroidManifest.xml:25:21-62
31
32            <data android:scheme="https" />
32-->src\main\AndroidManifest.xml:26:13-43
32-->src\main\AndroidManifest.xml:26:19-41
33        </intent>
34        <intent>
34-->src\main\AndroidManifest.xml:28:9-30:18
35            <action android:name="androidx.camera.extensions.action.VENDOR_ACTION" />
35-->src\main\AndroidManifest.xml:29:13-85
35-->src\main\AndroidManifest.xml:29:21-83
36        </intent>
37
38        <package android:name="com.facebook.katana" />
38-->src\main\AndroidManifest.xml:31:9-54
38-->src\main\AndroidManifest.xml:31:18-52
39
40        <intent>
40-->src\main\AndroidManifest.xml:32:9-36:18
41            <action android:name="android.intent.action.VIEW" />
41-->src\main\AndroidManifest.xml:25:13-64
41-->src\main\AndroidManifest.xml:25:21-62
42
43            <category android:name="android.intent.category.BROWSABLE" />
43-->src\main\AndroidManifest.xml:34:13-73
43-->src\main\AndroidManifest.xml:34:23-71
44
45            <data android:scheme="https" />
45-->src\main\AndroidManifest.xml:26:13-43
45-->src\main\AndroidManifest.xml:26:19-41
46        </intent>
47        <intent>
47-->src\main\AndroidManifest.xml:37:9-39:18
48            <action android:name="android.support.customtabs.action.CustomTabsService" />
48-->src\main\AndroidManifest.xml:38:13-89
48-->src\main\AndroidManifest.xml:38:21-87
49        </intent>
50        <intent>
50-->src\main\AndroidManifest.xml:40:9-43:18
51            <action android:name="android.intent.action.INSERT" />
51-->src\main\AndroidManifest.xml:41:13-66
51-->src\main\AndroidManifest.xml:41:21-64
52
53            <data android:mimeType="vnd.android.cursor.dir/event" />
53-->src\main\AndroidManifest.xml:26:13-43
53-->src\main\AndroidManifest.xml:42:19-66
54        </intent>
55        <intent>
55-->src\main\AndroidManifest.xml:44:9-47:18
56            <action android:name="android.intent.action.VIEW" />
56-->src\main\AndroidManifest.xml:25:13-64
56-->src\main\AndroidManifest.xml:25:21-62
57
58            <data android:scheme="sms" />
58-->src\main\AndroidManifest.xml:26:13-43
58-->src\main\AndroidManifest.xml:26:19-41
59        </intent>
60        <intent>
60-->src\main\AndroidManifest.xml:48:9-51:18
61            <action android:name="android.intent.action.DIAL" />
61-->src\main\AndroidManifest.xml:49:13-64
61-->src\main\AndroidManifest.xml:49:21-62
62
63            <data android:path="tel:" />
63-->src\main\AndroidManifest.xml:26:13-43
63-->src\main\AndroidManifest.xml:50:19-38
64        </intent>
65        <intent>
65-->src\main\AndroidManifest.xml:52:9-54:18
66            <action android:name="com.attribution.REFERRAL_PROVIDER" />
66-->src\main\AndroidManifest.xml:53:13-71
66-->src\main\AndroidManifest.xml:53:21-69
67        </intent>
68    </queries>
69
70    <permission
70-->src\main\AndroidManifest.xml:56:5-58:46
71        android:name="com.cbt.exam.browser.permission.C2D_MESSAGE"
71-->src\main\AndroidManifest.xml:57:9-67
72        android:protectionLevel="signature" />
72-->src\main\AndroidManifest.xml:58:9-44
73
74    <uses-permission android:name="com.cbt.exam.browser.permission.C2D_MESSAGE" />
74-->src\main\AndroidManifest.xml:59:5-82
74-->src\main\AndroidManifest.xml:59:22-80
75    <uses-permission android:name="android.permission.POST_NOTIFICATIONS" />
75-->src\main\AndroidManifest.xml:60:5-76
75-->src\main\AndroidManifest.xml:60:22-74
76    <uses-permission android:name="com.google.android.c2dm.permission.RECEIVE" />
76-->src\main\AndroidManifest.xml:61:5-81
76-->src\main\AndroidManifest.xml:61:22-79
77    <uses-permission android:name="android.permission.VIBRATE" />
77-->src\main\AndroidManifest.xml:62:5-65
77-->src\main\AndroidManifest.xml:62:22-63
78    <uses-permission android:name="android.permission.RECEIVE_BOOT_COMPLETED" />
78-->src\main\AndroidManifest.xml:63:5-80
78-->src\main\AndroidManifest.xml:63:22-78
79    <uses-permission android:name="com.sec.android.provider.badge.permission.READ" />
79-->src\main\AndroidManifest.xml:64:5-85
79-->src\main\AndroidManifest.xml:64:22-83
80    <uses-permission android:name="com.sec.android.provider.badge.permission.WRITE" />
80-->src\main\AndroidManifest.xml:65:5-86
80-->src\main\AndroidManifest.xml:65:22-84
81    <uses-permission android:name="com.htc.launcher.permission.READ_SETTINGS" />
81-->src\main\AndroidManifest.xml:66:5-80
81-->src\main\AndroidManifest.xml:66:22-78
82    <uses-permission android:name="com.htc.launcher.permission.UPDATE_SHORTCUT" />
82-->src\main\AndroidManifest.xml:67:5-82
82-->src\main\AndroidManifest.xml:67:22-80
83    <uses-permission android:name="com.sonyericsson.home.permission.BROADCAST_BADGE" />
83-->src\main\AndroidManifest.xml:68:5-87
83-->src\main\AndroidManifest.xml:68:22-85
84    <uses-permission android:name="com.sonymobile.home.permission.PROVIDER_INSERT_BADGE" />
84-->src\main\AndroidManifest.xml:69:5-91
84-->src\main\AndroidManifest.xml:69:22-89
85    <uses-permission android:name="com.anddoes.launcher.permission.UPDATE_COUNT" />
85-->src\main\AndroidManifest.xml:70:5-83
85-->src\main\AndroidManifest.xml:70:22-81
86    <uses-permission android:name="com.majeur.launcher.permission.UPDATE_BADGE" />
86-->src\main\AndroidManifest.xml:71:5-82
86-->src\main\AndroidManifest.xml:71:22-80
87    <uses-permission android:name="com.huawei.android.launcher.permission.CHANGE_BADGE" />
87-->src\main\AndroidManifest.xml:72:5-90
87-->src\main\AndroidManifest.xml:72:22-88
88    <uses-permission android:name="com.huawei.android.launcher.permission.READ_SETTINGS" />
88-->src\main\AndroidManifest.xml:73:5-91
88-->src\main\AndroidManifest.xml:73:22-89
89    <uses-permission android:name="com.huawei.android.launcher.permission.WRITE_SETTINGS" />
89-->src\main\AndroidManifest.xml:74:5-92
89-->src\main\AndroidManifest.xml:74:22-90
90    <uses-permission android:name="android.permission.READ_APP_BADGE" />
90-->src\main\AndroidManifest.xml:75:5-72
90-->src\main\AndroidManifest.xml:75:22-70
91    <uses-permission android:name="com.oppo.launcher.permission.READ_SETTINGS" />
91-->src\main\AndroidManifest.xml:76:5-81
91-->src\main\AndroidManifest.xml:76:22-79
92    <uses-permission android:name="com.oppo.launcher.permission.WRITE_SETTINGS" />
92-->src\main\AndroidManifest.xml:77:5-82
92-->src\main\AndroidManifest.xml:77:22-80
93    <uses-permission android:name="me.everything.badger.permission.BADGE_COUNT_READ" />
93-->src\main\AndroidManifest.xml:78:5-87
93-->src\main\AndroidManifest.xml:78:22-85
94    <uses-permission android:name="me.everything.badger.permission.BADGE_COUNT_WRITE" />
94-->src\main\AndroidManifest.xml:79:5-88
94-->src\main\AndroidManifest.xml:79:22-86
95    <uses-permission android:name="com.google.android.finsky.permission.BIND_GET_INSTALL_REFERRER_SERVICE" />
95-->src\main\AndroidManifest.xml:80:5-109
95-->src\main\AndroidManifest.xml:80:22-107
96    <uses-permission android:name="android.permission.ACCESS_ADSERVICES_ATTRIBUTION" />
96-->src\main\AndroidManifest.xml:81:5-87
96-->src\main\AndroidManifest.xml:81:22-85
97    <uses-permission android:name="android.permission.ACCESS_ADSERVICES_AD_ID" />
97-->src\main\AndroidManifest.xml:82:5-81
97-->src\main\AndroidManifest.xml:82:22-79
98    <uses-permission android:name="android.permission.ACCESS_ADSERVICES_TOPICS" />
98-->src\main\AndroidManifest.xml:83:5-82
98-->src\main\AndroidManifest.xml:83:22-80
99    <uses-permission android:name="android.permission.FOREGROUND_SERVICE" />
99-->src\main\AndroidManifest.xml:84:5-76
99-->src\main\AndroidManifest.xml:84:22-74
100
101    <permission
101-->src\main\AndroidManifest.xml:85:5-87:46
102        android:name="com.cbt.exam.browser.DYNAMIC_RECEIVER_NOT_EXPORTED_PERMISSION"
102-->src\main\AndroidManifest.xml:86:9-85
103        android:protectionLevel="signature" />
103-->src\main\AndroidManifest.xml:87:9-44
104
105    <uses-permission android:name="com.cbt.exam.browser.DYNAMIC_RECEIVER_NOT_EXPORTED_PERMISSION" />
105-->src\main\AndroidManifest.xml:88:5-100
105-->src\main\AndroidManifest.xml:88:22-98
106    <uses-permission android:name="com.android.vending.CHECK_LICENSE" />
106-->src\main\AndroidManifest.xml:884:5-72
106-->src\main\AndroidManifest.xml:884:22-70
107
108    <application
108-->src\main\AndroidManifest.xml:89:5-883:19
109        android:name="com.cbt.exam.browser.activity.MyApplication"
109-->src\main\AndroidManifest.xml:93:9-67
110        android:allowBackup="true"
110-->src\main\AndroidManifest.xml:94:9-35
111        android:appComponentFactory="androidx.core.app.CoreComponentFactory"
111-->src\main\AndroidManifest.xml:103:9-77
112        android:dataExtractionRules="@xml/data_extraction_rules"
112-->src\main\AndroidManifest.xml:104:9-65
113        android:debuggable="true"
114        android:extractNativeLibs="false"
114-->src\main\AndroidManifest.xml:98:9-42
115        android:fullBackupContent="@xml/backup_rules"
115-->src\main\AndroidManifest.xml:99:9-54
116        android:hardwareAccelerated="true"
116-->src\main\AndroidManifest.xml:95:9-43
117        android:icon="@mipmap/ic_launcher"
117-->src\main\AndroidManifest.xml:92:9-43
118        android:label="@string/app_name"
118-->src\main\AndroidManifest.xml:91:9-41
119        android:largeHeap="true"
119-->src\main\AndroidManifest.xml:96:9-33
120        android:resizeableActivity="true"
120-->src\main\AndroidManifest.xml:101:9-42
121        android:roundIcon="@mipmap/ic_launcher_round"
121-->src\main\AndroidManifest.xml:102:9-54
122        android:supportsRtl="false"
122-->src\main\AndroidManifest.xml:97:9-36
123        android:theme="@style/AppTheme"
123-->src\main\AndroidManifest.xml:90:9-40
124        android:usesCleartextTraffic="true" >
124-->src\main\AndroidManifest.xml:100:9-44
125        <meta-data
125-->src\main\AndroidManifest.xml:105:9-107:60
126            android:name="com.google.android.gms.ads.APPLICATION_ID"
126-->src\main\AndroidManifest.xml:106:13-69
127            android:value="@string/Google_Application_ID" />
127-->src\main\AndroidManifest.xml:107:13-58
128
129        <activity
129-->src\main\AndroidManifest.xml:108:9-174:20
130            android:name="com.cbt.exam.browser.activity.ActivitySplash"
130-->src\main\AndroidManifest.xml:110:13-72
131            android:configChanges="screenSize|orientation|keyboardHidden"
131-->src\main\AndroidManifest.xml:113:13-74
132            android:exported="true"
132-->src\main\AndroidManifest.xml:111:13-36
133            android:screenOrientation="unspecified"
133-->src\main\AndroidManifest.xml:112:13-52
134            android:theme="@style/AppTheme"
134-->src\main\AndroidManifest.xml:109:13-44
135            android:windowSoftInputMode="adjustResize|stateHidden" >
135-->src\main\AndroidManifest.xml:114:13-67
136            <intent-filter>
136-->src\main\AndroidManifest.xml:115:13-118:29
137                <action android:name="android.intent.action.MAIN" />
137-->src\main\AndroidManifest.xml:116:17-68
137-->src\main\AndroidManifest.xml:116:25-66
138
139                <category android:name="android.intent.category.LAUNCHER" />
139-->src\main\AndroidManifest.xml:117:17-76
139-->src\main\AndroidManifest.xml:117:27-74
140            </intent-filter>
141            <intent-filter>
141-->src\main\AndroidManifest.xml:119:13-128:29
142                <action android:name="android.intent.action.VIEW" />
142-->src\main\AndroidManifest.xml:25:13-64
142-->src\main\AndroidManifest.xml:25:21-62
143
144                <category android:name="android.intent.category.DEFAULT" />
144-->src\main\AndroidManifest.xml:121:17-75
144-->src\main\AndroidManifest.xml:121:27-73
145                <category android:name="android.intent.category.BROWSABLE" />
145-->src\main\AndroidManifest.xml:34:13-73
145-->src\main\AndroidManifest.xml:34:23-71
146
147                <data android:scheme="file" />
147-->src\main\AndroidManifest.xml:26:13-43
147-->src\main\AndroidManifest.xml:26:19-41
148                <data android:host="*" />
148-->src\main\AndroidManifest.xml:26:13-43
148-->src\main\AndroidManifest.xml:124:23-39
149                <data android:mimeType="*/*" />
149-->src\main\AndroidManifest.xml:26:13-43
149-->src\main\AndroidManifest.xml:42:19-66
150                <data android:pathPattern=".*\\.cbt" />
150-->src\main\AndroidManifest.xml:26:13-43
150-->src\main\AndroidManifest.xml:126:23-53
151                <data android:pathPattern=".*\\..*\\.cbt" />
151-->src\main\AndroidManifest.xml:26:13-43
151-->src\main\AndroidManifest.xml:126:23-53
152            </intent-filter>
153            <intent-filter>
153-->src\main\AndroidManifest.xml:129:13-136:29
154                <action android:name="android.intent.action.VIEW" />
154-->src\main\AndroidManifest.xml:25:13-64
154-->src\main\AndroidManifest.xml:25:21-62
155
156                <category android:name="android.intent.category.DEFAULT" />
156-->src\main\AndroidManifest.xml:121:17-75
156-->src\main\AndroidManifest.xml:121:27-73
157                <category android:name="android.intent.category.BROWSABLE" />
157-->src\main\AndroidManifest.xml:34:13-73
157-->src\main\AndroidManifest.xml:34:23-71
158
159                <data android:scheme="content" />
159-->src\main\AndroidManifest.xml:26:13-43
159-->src\main\AndroidManifest.xml:26:19-41
160                <data android:mimeType="*/*" />
160-->src\main\AndroidManifest.xml:26:13-43
160-->src\main\AndroidManifest.xml:42:19-66
161                <data android:host="*" />
161-->src\main\AndroidManifest.xml:26:13-43
161-->src\main\AndroidManifest.xml:124:23-39
162            </intent-filter>
163            <intent-filter>
163-->src\main\AndroidManifest.xml:137:13-145:29
164                <action android:name="android.intent.action.VIEW" />
164-->src\main\AndroidManifest.xml:25:13-64
164-->src\main\AndroidManifest.xml:25:21-62
165
166                <category android:name="android.intent.category.DEFAULT" />
166-->src\main\AndroidManifest.xml:121:17-75
166-->src\main\AndroidManifest.xml:121:27-73
167                <category android:name="android.intent.category.BROWSABLE" />
167-->src\main\AndroidManifest.xml:34:13-73
167-->src\main\AndroidManifest.xml:34:23-71
168
169                <data android:scheme="file" />
169-->src\main\AndroidManifest.xml:26:13-43
169-->src\main\AndroidManifest.xml:26:19-41
170                <data android:scheme="content" />
170-->src\main\AndroidManifest.xml:26:13-43
170-->src\main\AndroidManifest.xml:26:19-41
171                <data android:mimeType="application/octet-stream" />
171-->src\main\AndroidManifest.xml:26:13-43
171-->src\main\AndroidManifest.xml:42:19-66
172                <data android:host="*" />
172-->src\main\AndroidManifest.xml:26:13-43
172-->src\main\AndroidManifest.xml:124:23-39
173            </intent-filter>
174            <intent-filter>
174-->src\main\AndroidManifest.xml:146:13-154:29
175                <action android:name="android.intent.action.VIEW" />
175-->src\main\AndroidManifest.xml:25:13-64
175-->src\main\AndroidManifest.xml:25:21-62
176
177                <category android:name="android.intent.category.DEFAULT" />
177-->src\main\AndroidManifest.xml:121:17-75
177-->src\main\AndroidManifest.xml:121:27-73
178                <category android:name="android.intent.category.BROWSABLE" />
178-->src\main\AndroidManifest.xml:34:13-73
178-->src\main\AndroidManifest.xml:34:23-71
179
180                <data android:scheme="content" />
180-->src\main\AndroidManifest.xml:26:13-43
180-->src\main\AndroidManifest.xml:26:19-41
181                <data android:host="*" />
181-->src\main\AndroidManifest.xml:26:13-43
181-->src\main\AndroidManifest.xml:124:23-39
182                <data android:mimeType="application/*" />
182-->src\main\AndroidManifest.xml:26:13-43
182-->src\main\AndroidManifest.xml:42:19-66
183                <data android:pathPattern=".*\\.cbt" />
183-->src\main\AndroidManifest.xml:26:13-43
183-->src\main\AndroidManifest.xml:126:23-53
184            </intent-filter>
185            <intent-filter>
185-->src\main\AndroidManifest.xml:155:13-164:29
186                <action android:name="android.intent.action.VIEW" />
186-->src\main\AndroidManifest.xml:25:13-64
186-->src\main\AndroidManifest.xml:25:21-62
187
188                <category android:name="android.intent.category.DEFAULT" />
188-->src\main\AndroidManifest.xml:121:17-75
188-->src\main\AndroidManifest.xml:121:27-73
189                <category android:name="android.intent.category.BROWSABLE" />
189-->src\main\AndroidManifest.xml:34:13-73
189-->src\main\AndroidManifest.xml:34:23-71
190
191                <data android:scheme="file" />
191-->src\main\AndroidManifest.xml:26:13-43
191-->src\main\AndroidManifest.xml:26:19-41
192                <data android:scheme="content" />
192-->src\main\AndroidManifest.xml:26:13-43
192-->src\main\AndroidManifest.xml:26:19-41
193                <data android:host="*" />
193-->src\main\AndroidManifest.xml:26:13-43
193-->src\main\AndroidManifest.xml:124:23-39
194                <data android:mimeType="*/*" />
194-->src\main\AndroidManifest.xml:26:13-43
194-->src\main\AndroidManifest.xml:42:19-66
195                <data android:pathSuffix=".cbt" />
195-->src\main\AndroidManifest.xml:26:13-43
195-->src\main\AndroidManifest.xml:163:23-48
196            </intent-filter>
197            <intent-filter>
197-->src\main\AndroidManifest.xml:165:13-173:29
198                <action android:name="android.intent.action.GET_CONTENT" />
198-->src\main\AndroidManifest.xml:166:17-75
198-->src\main\AndroidManifest.xml:166:25-73
199
200                <category android:name="android.intent.category.DEFAULT" />
200-->src\main\AndroidManifest.xml:121:17-75
200-->src\main\AndroidManifest.xml:121:27-73
201                <category android:name="android.intent.category.OPENABLE" />
201-->src\main\AndroidManifest.xml:168:17-76
201-->src\main\AndroidManifest.xml:168:27-74
202
203                <data android:scheme="file" />
203-->src\main\AndroidManifest.xml:26:13-43
203-->src\main\AndroidManifest.xml:26:19-41
204                <data android:scheme="content" />
204-->src\main\AndroidManifest.xml:26:13-43
204-->src\main\AndroidManifest.xml:26:19-41
205                <data android:host="*" />
205-->src\main\AndroidManifest.xml:26:13-43
205-->src\main\AndroidManifest.xml:124:23-39
206                <data android:pathSuffix=".cbt" />
206-->src\main\AndroidManifest.xml:26:13-43
206-->src\main\AndroidManifest.xml:163:23-48
207            </intent-filter>
208        </activity>
209        <activity
209-->src\main\AndroidManifest.xml:175:9-184:20
210            android:name="com.cbt.exam.browser.activity.MainActivity"
210-->src\main\AndroidManifest.xml:177:13-70
211            android:exported="true"
211-->src\main\AndroidManifest.xml:178:13-36
212            android:screenOrientation="unspecified"
212-->src\main\AndroidManifest.xml:179:13-52
213            android:theme="@style/AppTheme" >
213-->src\main\AndroidManifest.xml:176:13-44
214            <intent-filter>
214-->src\main\AndroidManifest.xml:180:13-183:29
215                <action android:name="android.intent.action.MAIN" />
215-->src\main\AndroidManifest.xml:116:17-68
215-->src\main\AndroidManifest.xml:116:25-66
216
217                <category android:name="android.intent.category.DEFAULT" />
217-->src\main\AndroidManifest.xml:121:17-75
217-->src\main\AndroidManifest.xml:121:27-73
218            </intent-filter>
219        </activity>
220
221        <provider
221-->src\main\AndroidManifest.xml:185:9-193:20
222            android:name="androidx.core.content.FileProvider"
222-->src\main\AndroidManifest.xml:186:13-62
223            android:authorities="com.cbt.exam.browser.fileprovider"
223-->src\main\AndroidManifest.xml:188:13-68
224            android:exported="false"
224-->src\main\AndroidManifest.xml:187:13-37
225            android:grantUriPermissions="true" >
225-->src\main\AndroidManifest.xml:189:13-47
226            <meta-data
226-->src\main\AndroidManifest.xml:190:13-192:53
227                android:name="android.support.FILE_PROVIDER_PATHS"
227-->src\main\AndroidManifest.xml:191:17-67
228                android:resource="@xml/file_paths" />
228-->src\main\AndroidManifest.xml:192:17-51
229        </provider>
230
231        <activity
231-->src\main\AndroidManifest.xml:194:9-197:39
232            android:name="com.cbt.exam.browser.activity.ActivityScanner"
232-->src\main\AndroidManifest.xml:196:13-73
233            android:exported="false"
233-->src\main\AndroidManifest.xml:197:13-37
234            android:theme="@style/AppTheme" />
234-->src\main\AndroidManifest.xml:195:13-44
235        <activity
235-->src\main\AndroidManifest.xml:198:9-201:39
236            android:name="com.cbt.exam.browser.activity.ActivityConfigConfirm"
236-->src\main\AndroidManifest.xml:200:13-79
237            android:exported="false"
237-->src\main\AndroidManifest.xml:201:13-37
238            android:theme="@style/AppTheme" />
238-->src\main\AndroidManifest.xml:199:13-44
239        <activity
239-->src\main\AndroidManifest.xml:202:9-205:39
240            android:name="com.cbt.exam.browser.activity.ActivityCreateConfig"
240-->src\main\AndroidManifest.xml:204:13-78
241            android:exported="false"
241-->src\main\AndroidManifest.xml:205:13-37
242            android:theme="@style/AppTheme" />
242-->src\main\AndroidManifest.xml:203:13-44
243        <activity
243-->src\main\AndroidManifest.xml:206:9-209:39
244            android:name="com.cbt.exam.browser.activity.ActivityGenerateConfig"
244-->src\main\AndroidManifest.xml:208:13-80
245            android:exported="false"
245-->src\main\AndroidManifest.xml:209:13-37
246            android:theme="@style/AppTheme" />
246-->src\main\AndroidManifest.xml:207:13-44
247        <activity
247-->src\main\AndroidManifest.xml:210:9-222:55
248            android:name="com.cbt.exam.browser.activity.ActivityCbtBrowser"
248-->src\main\AndroidManifest.xml:212:13-76
249            android:defaultHeight="500dp"
249-->src\main\AndroidManifest.xml:220:13-42
250            android:defaultWidth="600dp"
250-->src\main\AndroidManifest.xml:219:13-41
251            android:exported="false"
251-->src\main\AndroidManifest.xml:213:13-37
252            android:gravity="end|top"
252-->src\main\AndroidManifest.xml:216:13-38
253            android:launchMode="singleTask"
253-->src\main\AndroidManifest.xml:214:13-44
254            android:minHeight="450dp"
254-->src\main\AndroidManifest.xml:218:13-38
255            android:minWidth="300dp"
255-->src\main\AndroidManifest.xml:217:13-37
256            android:resizeableActivity="true"
256-->src\main\AndroidManifest.xml:221:13-46
257            android:screenOrientation="unspecified"
257-->src\main\AndroidManifest.xml:215:13-52
258            android:supportsPictureInPicture="false"
258-->src\main\AndroidManifest.xml:222:13-53
259            android:theme="@style/AppTheme" />
259-->src\main\AndroidManifest.xml:211:13-44
260        <activity
260-->src\main\AndroidManifest.xml:223:9-235:55
261            android:name="com.cbt.exam.browser.activity.ExamQR"
261-->src\main\AndroidManifest.xml:225:13-64
262            android:defaultHeight="500dp"
262-->src\main\AndroidManifest.xml:233:13-42
263            android:defaultWidth="600dp"
263-->src\main\AndroidManifest.xml:232:13-41
264            android:exported="false"
264-->src\main\AndroidManifest.xml:226:13-37
265            android:gravity="end|top"
265-->src\main\AndroidManifest.xml:229:13-38
266            android:launchMode="singleTask"
266-->src\main\AndroidManifest.xml:227:13-44
267            android:minHeight="450dp"
267-->src\main\AndroidManifest.xml:231:13-38
268            android:minWidth="300dp"
268-->src\main\AndroidManifest.xml:230:13-37
269            android:resizeableActivity="true"
269-->src\main\AndroidManifest.xml:234:13-46
270            android:screenOrientation="unspecified"
270-->src\main\AndroidManifest.xml:228:13-52
271            android:supportsPictureInPicture="false"
271-->src\main\AndroidManifest.xml:235:13-53
272            android:theme="@style/AppTheme" />
272-->src\main\AndroidManifest.xml:224:13-44
273        <activity
273-->src\main\AndroidManifest.xml:236:9-248:55
274            android:name="com.cbt.exam.browser.activity.ConfirmActivity"
274-->src\main\AndroidManifest.xml:238:13-73
275            android:defaultHeight="500dp"
275-->src\main\AndroidManifest.xml:246:13-42
276            android:defaultWidth="600dp"
276-->src\main\AndroidManifest.xml:245:13-41
277            android:exported="false"
277-->src\main\AndroidManifest.xml:239:13-37
278            android:gravity="end|top"
278-->src\main\AndroidManifest.xml:242:13-38
279            android:launchMode="singleTask"
279-->src\main\AndroidManifest.xml:240:13-44
280            android:minHeight="450dp"
280-->src\main\AndroidManifest.xml:244:13-38
281            android:minWidth="300dp"
281-->src\main\AndroidManifest.xml:243:13-37
282            android:resizeableActivity="true"
282-->src\main\AndroidManifest.xml:247:13-46
283            android:screenOrientation="unspecified"
283-->src\main\AndroidManifest.xml:241:13-52
284            android:supportsPictureInPicture="false"
284-->src\main\AndroidManifest.xml:248:13-53
285            android:theme="@style/AppTheme" />
285-->src\main\AndroidManifest.xml:237:13-44
286
287        <receiver
287-->src\main\AndroidManifest.xml:249:9-255:20
288            android:name="com.cbt.exam.browser.util.cbt.BatteryReceiver"
288-->src\main\AndroidManifest.xml:250:13-73
289            android:exported="false" >
289-->src\main\AndroidManifest.xml:251:13-37
290            <intent-filter>
290-->src\main\AndroidManifest.xml:252:13-254:29
291                <action android:name="android.intent.action.BATTERY_CHANGED" />
291-->src\main\AndroidManifest.xml:253:17-79
291-->src\main\AndroidManifest.xml:253:25-77
292            </intent-filter>
293        </receiver>
294
295        <meta-data
295-->src\main\AndroidManifest.xml:256:9-258:36
296            android:name="com.google.android.gms.ads.flag.NATIVE_AD_DEBUGGER_ENABLED"
296-->src\main\AndroidManifest.xml:257:13-86
297            android:value="false" />
297-->src\main\AndroidManifest.xml:258:13-34
298        <meta-data
298-->src\main\AndroidManifest.xml:259:9-261:68
299            android:name="com.google.android.gms.version"
299-->src\main\AndroidManifest.xml:260:13-58
300            android:value="@integer/google_play_services_version" />
300-->src\main\AndroidManifest.xml:261:13-66
301        <meta-data
301-->src\main\AndroidManifest.xml:262:9-264:35
302            android:name="com.google.android.gms.ads.flag.OPTIMIZE_INITIALIZATION"
302-->src\main\AndroidManifest.xml:263:13-83
303            android:value="true" />
303-->src\main\AndroidManifest.xml:264:13-33
304        <meta-data
304-->src\main\AndroidManifest.xml:265:9-267:35
305            android:name="com.google.android.gms.ads.flag.OPTIMIZE_AD_LOADING"
305-->src\main\AndroidManifest.xml:266:13-79
306            android:value="true" />
306-->src\main\AndroidManifest.xml:267:13-33
307        <meta-data
307-->src\main\AndroidManifest.xml:268:9-270:36
308            android:name="com.yandex.mobile.ads.AUTOMATIC_SDK_INITIALIZATION"
308-->src\main\AndroidManifest.xml:269:13-78
309            android:value="false" />
309-->src\main\AndroidManifest.xml:270:13-34
310
311        <activity
311-->src\main\AndroidManifest.xml:271:9-276:58
312            android:name="com.google.android.gms.ads.AdActivity"
312-->src\main\AndroidManifest.xml:273:13-65
313            android:configChanges="smallestScreenSize|screenSize|uiMode|screenLayout|orientation|keyboardHidden|keyboard"
313-->src\main\AndroidManifest.xml:275:13-122
314            android:enableOnBackInvokedCallback="false"
314-->src\main\AndroidManifest.xml:276:13-56
315            android:exported="false"
315-->src\main\AndroidManifest.xml:274:13-37
316            android:theme="@android:style/Theme.Translucent" />